<?xml version="1.0" encoding="UTF-8"?>
<testng-results skipped="0" failed="0" total="1" passed="1">
  <reporter-output>
  </reporter-output>
  <suite name="Default suite" duration-ms="21611" started-at="2020-07-10T15:00:13Z" finished-at="2020-07-10T15:00:34Z">
    <groups>
    </groups>
    <test name="Default test" duration-ms="21611" started-at="2020-07-10T15:00:13Z" finished-at="2020-07-10T15:00:34Z">
      <class name="Tests.TC_03_WebTableHandling">
        <test-method status="PASS" signature="readWebtableData()[pri:0, instance:Tests.TC_03_WebTableHandling@649d209a]" name="readWebtableData" duration-ms="21561" started-at="2020-07-10T20:30:13Z" finished-at="2020-07-10T20:30:34Z">
          <reporter-output>
          </reporter-output>
        </test-method> <!-- readWebtableData -->
      </class> <!-- Tests.TC_03_WebTableHandling -->
    </test> <!-- Default test -->
  </suite> <!-- Default suite -->
</testng-results>
