<?xml version="1.0" encoding="UTF-8"?>
<testng-results skipped="0" failed="0" total="1" passed="1">
  <reporter-output>
    <line>
      <![CDATA[All Settings are getting ready]]>
    </line>
    <line>
      <![CDATA[Settings done and Tests can be running]]>
    </line>
    <line>
      <![CDATA[Trying to start browser]]>
    </line>
    <line>
      <![CDATA[Browser and Appliction is up and running]]>
    </line>
    <line>
      <![CDATA[Test is about to End]]>
    </line>
    <line>
      <![CDATA[Test Completed and Reports generated]]>
    </line>
  </reporter-output>
  <suite name="Default suite" duration-ms="14408" started-at="2020-07-17T10:32:37Z" finished-at="2020-07-17T10:32:51Z">
    <groups>
    </groups>
    <test name="Default test" duration-ms="14408" started-at="2020-07-17T10:32:37Z" finished-at="2020-07-17T10:32:51Z">
      <class name="Tests.LoginPageTest">
        <test-method status="PASS" signature="setUPExcel()[pri:0, instance:Tests.LoginPageTest@5ba23b66]" name="setUPExcel" is-config="true" duration-ms="961" started-at="2020-07-17T16:02:36Z" finished-at="2020-07-17T16:02:37Z">
          <reporter-output>
            <line>
              <![CDATA[All Settings are getting ready]]>
            </line>
            <line>
              <![CDATA[Settings done and Tests can be running]]>
            </line>
          </reporter-output>
        </test-method> <!-- setUPExcel -->
        <test-method status="PASS" signature="setUp()[pri:0, instance:Tests.LoginPageTest@5ba23b66]" name="setUp" is-config="true" duration-ms="11023" started-at="2020-07-17T16:02:37Z" finished-at="2020-07-17T16:02:48Z">
          <reporter-output>
            <line>
              <![CDATA[Trying to start browser]]>
            </line>
            <line>
              <![CDATA[Browser and Appliction is up and running]]>
            </line>
          </reporter-output>
        </test-method> <!-- setUp -->
        <test-method status="PASS" signature="loginApp()[pri:1, instance:Tests.LoginPageTest@5ba23b66]" name="loginApp" duration-ms="1800" started-at="2020-07-17T16:02:48Z" finished-at="2020-07-17T16:02:50Z">
          <reporter-output>
          </reporter-output>
        </test-method> <!-- loginApp -->
        <test-method status="PASS" signature="getFailedTestSS(org.testng.ITestResult)[pri:0, instance:Tests.LoginPageTest@5ba23b66]" name="getFailedTestSS" is-config="true" duration-ms="764" started-at="2020-07-17T16:02:50Z" finished-at="2020-07-17T16:02:50Z">
          <params>
            <param index="0">
              <value>
                <![CDATA[[TestResult name=loginApp status=SUCCESS method=LoginPageTest.loginApp()[pri:1, instance:Tests.LoginPageTest@5ba23b66] output={null}]]]>
              </value>
            </param>
          </params>
          <reporter-output>
            <line>
              <![CDATA[Test is about to End]]>
            </line>
            <line>
              <![CDATA[Test Completed and Reports generated]]>
            </line>
          </reporter-output>
        </test-method> <!-- getFailedTestSS -->
        <test-method status="PASS" signature="closeBrowser()[pri:0, instance:Tests.LoginPageTest@5ba23b66]" name="closeBrowser" is-config="true" duration-ms="799" started-at="2020-07-17T16:02:50Z" finished-at="2020-07-17T16:02:51Z">
          <reporter-output>
          </reporter-output>
        </test-method> <!-- closeBrowser -->
      </class> <!-- Tests.LoginPageTest -->
    </test> <!-- Default test -->
  </suite> <!-- Default suite -->
</testng-results>
